c:\users\emiju\source\repos\flowerengine\vgp336\32_helloeditor\x64\debug\vc143.pdb
c:\users\emiju\source\repos\flowerengine\vgp336\32_helloeditor\x64\debug\vc143.idb
c:\users\emiju\source\repos\flowerengine\vgp336\32_helloeditor\x64\debug\winmain.obj
c:\users\emiju\source\repos\flowerengine\vgp336\32_helloeditor\x64\debug\gamestate.obj
c:\users\emiju\source\repos\flowerengine\vgp336\32_helloeditor\x64\debug\customdebugdrawservice.obj
c:\users\emiju\source\repos\flowerengine\vgp336\32_helloeditor\x64\debug\customdebugdrawcomponent.obj
c:\users\emiju\source\repos\flowerengine\vgp336\32_helloeditor\x64\debug\edittemplatestate.obj
c:\users\emiju\source\repos\flowerengine\x64\debug\32_helloeditor.exe
c:\users\emiju\source\repos\flowerengine\x64\debug\32_helloeditor.pdb
c:\users\emiju\source\repos\flowerengine\x64\debug\32_helloeditor.lib
c:\users\emiju\source\repos\flowerengine\x64\debug\32_helloeditor.exp
c:\users\emiju\source\repos\flowerengine\vgp336\32_helloeditor\x64\debug\32_helloeditor.ilk
c:\users\emiju\source\repos\flowerengine\vgp336\32_helloeditor\x64\debug\32_helloeditor.tlog\cl.command.1.tlog
c:\users\emiju\source\repos\flowerengine\vgp336\32_helloeditor\x64\debug\32_helloeditor.tlog\cl.items.tlog
c:\users\emiju\source\repos\flowerengine\vgp336\32_helloeditor\x64\debug\32_helloeditor.tlog\cl.read.1.tlog
c:\users\emiju\source\repos\flowerengine\vgp336\32_helloeditor\x64\debug\32_helloeditor.tlog\cl.write.1.tlog
c:\users\emiju\source\repos\flowerengine\vgp336\32_helloeditor\x64\debug\32_helloeditor.tlog\link.command.1.tlog
c:\users\emiju\source\repos\flowerengine\vgp336\32_helloeditor\x64\debug\32_helloeditor.tlog\link.read.1.tlog
c:\users\emiju\source\repos\flowerengine\vgp336\32_helloeditor\x64\debug\32_helloeditor.tlog\link.secondary.1.tlog
c:\users\emiju\source\repos\flowerengine\vgp336\32_helloeditor\x64\debug\32_helloeditor.tlog\link.write.1.tlog
